# JRE version: 7.0_06-b24
# Java VM: Java HotSpot(TM) 64-Bit Server VM (23.2-b09 mixed mode windows-amd64 compressed oops)
Heap
 def new generation   total 19648K, used 17645K [0x00000000bae00000, 0x00000000bc350000, 0x00000000d0350000)
  eden space 17472K,  88% used [0x00000000bae00000, 0x00000000bbd1b5e8, 0x00000000bbf10000)
  from space 2176K, 100% used [0x00000000bbf10000, 0x00000000bc130000, 0x00000000bc130000)
  to   space 2176K,   0% used [0x00000000bc130000, 0x00000000bc130000, 0x00000000bc350000)
 tenured generation   total 43712K, used 7800K [0x00000000d0350000, 0x00000000d2e00000, 0x00000000fae00000)
   the space 43712K,  17% used [0x00000000d0350000, 0x00000000d0aee350, 0x00000000d0aee400, 0x00000000d2e00000)
 compacting perm gen  total 21248K, used 9558K [0x00000000fae00000, 0x00000000fc2c0000, 0x0000000100000000)
   the space 21248K,  44% used [0x00000000fae00000, 0x00000000fb755ac0, 0x00000000fb755c00, 0x00000000fc2c0000)
GC Heap History (4 events):
Event: 1.816 GC heap before
{Heap before GC invocations=0 (full 0):
 def new generation   total 19648K, used 17472K [0x00000000bae00000, 0x00000000bc350000, 0x00000000d0350000)
  eden space 17472K, 100% used [0x00000000bae00000, 0x00000000bbf10000, 0x00000000bbf10000)
  from space 2176K,   0% used [0x00000000bbf10000, 0x00000000bbf10000, 0x00000000bc130000)
  to   space 2176K,   0% used [0x00000000bc130000, 0x00000000bc130000, 0x00000000bc350000)
 tenured generation   total 43712K, used 0K [0x00000000d0350000, 0x00000000d2e00000, 0x00000000fae00000)
   the space 43712K,   0% used [0x00000000d0350000, 0x00000000d0350000, 0x00000000d0350200, 0x00000000d2e00000)
 compacting perm gen  total 21248K, used 5065K [0x00000000fae00000, 0x00000000fc2c0000, 0x0000000100000000)
   the space 21248K,  23% used [0x00000000fae00000, 0x00000000fb2f2630, 0x00000000fb2f2800, 0x00000000fc2c0000)
No shared spaces configured.
Event: 1.833 GC heap after
Heap after GC invocations=1 (full 0):
 def new generation   total 19648K, used 2175K [0x00000000bae00000, 0x00000000bc350000, 0x00000000d0350000)
  eden space 17472K,   0% used [0x00000000bae00000, 0x00000000bae00000, 0x00000000bbf10000)
  from space 2176K,  99% used [0x00000000bc130000, 0x00000000bc34fff8, 0x00000000bc350000)
  to   space 2176K,   0% used [0x00000000bbf10000, 0x00000000bbf10000, 0x00000000bc130000)
 tenured generation   total 43712K, used 2194K [0x00000000d0350000, 0x00000000d2e00000, 0x00000000fae00000)
   the space 43712K,   5% used [0x00000000d0350000, 0x00000000d0574b48, 0x00000000d0574c00, 0x00000000d2e00000)
 compacting perm gen  total 21248K, used 5065K [0x00000000fae00000, 0x00000000fc2c0000, 0x0000000100000000)
   the space 21248K,  23% used [0x00000000fae00000, 0x00000000fb2f2630, 0x00000000fb2f2800, 0x00000000fc2c0000)
No shared spaces configured.
}
Event: 2.452 GC heap before
{Heap before GC invocations=1 (full 0):
 def new generation   total 19648K, used 19647K [0x00000000bae00000, 0x00000000bc350000, 0x00000000d0350000)
  eden space 17472K, 100% used [0x00000000bae00000, 0x00000000bbf10000, 0x00000000bbf10000)
  from space 2176K,  99% used [0x00000000bc130000, 0x00000000bc34fff8, 0x00000000bc350000)
  to   space 2176K,   0% used [0x00000000bbf10000, 0x00000000bbf10000, 0x00000000bc130000)
 tenured generation   total 43712K, used 2194K [0x00000000d0350000, 0x00000000d2e00000, 0x00000000fae00000)
   the space 43712K,   5% used [0x00000000d0350000, 0x00000000d0574b48, 0x00000000d0574c00, 0x00000000d2e00000)
 compacting perm gen  total 21248K, used 7405K [0x00000000fae00000, 0x00000000fc2c0000, 0x0000000100000000)
   the space 21248K,  34% used [0x00000000fae00000, 0x00000000fb53b5d8, 0x00000000fb53b600, 0x00000000fc2c0000)
No shared spaces configured.
Event: 2.482 GC heap after
Heap after GC invocations=2 (full 0):
 def new generation   total 19648K, used 2176K [0x00000000bae00000, 0x00000000bc350000, 0x00000000d0350000)
  eden space 17472K,   0% used [0x00000000bae00000, 0x00000000bae00000, 0x00000000bbf10000)
  from space 2176K, 100% used [0x00000000bbf10000, 0x00000000bc130000, 0x00000000bc130000)
  to   space 2176K,   0% used [0x00000000bc130000, 0x00000000bc130000, 0x00000000bc350000)
 tenured generation   total 43712K, used 7800K [0x00000000d0350000, 0x00000000d2e00000, 0x00000000fae00000)
   the space 43712K,  17% used [0x00000000d0350000, 0x00000000d0aee350, 0x00000000d0aee400, 0x00000000d2e00000)
 compacting perm gen  total 21248K, used 7405K [0x00000000fae00000, 0x00000000fc2c0000, 0x0000000100000000)
   the space 21248K,  34% used [0x00000000fae00000, 0x00000000fb53b5d8, 0x00000000fb53b600, 0x00000000fc2c0000)
No shared spaces configured.
}

